<?xml version="1.0" encoding="utf-8"?><testsuites name="pytest tests"><testsuite name="pytest" errors="0" failures="0" skipped="0" tests="97" time="2.588" timestamp="2026-08-05T22:15:08.355121+00:00" hostname="vm"><testcase classname="tests.e2e.test_tier1_feature_coverage.TestFeatureR1_1_DashboardNavigation" name="test_r1_1_1_dashboard_root_page_load" time="0.011" /><testcase classname="tests.e2e.test_tier1_feature_coverage.TestFeatureR1_1_DashboardNavigation" name="test_r1_1_2_analytics_page_load" time="0.005" /><testcase classname="tests.e2e.test_tier1_feature_coverage.TestFeatureR1_1_DashboardNavigation" name="test_r1_1_3_routes_page_load" time="0.005" /><testcase classname="tests.e2e.test_tier1_feature_coverage.TestFeatureR1_1_DashboardNavigation" name="test_r1_1_4_stats_grid_component_render" time="0.006" /><testcase classname="tests.e2e.test_tier1_feature_coverage.TestFeatureR1_1_DashboardNavigation" name="test_r1_1_5_responsive_layout_structure" time="0.004" /><testcase classname="tests.e2e.test_tier1_feature_coverage.TestFeatureR1_2_MapVisualization" name="test_r1_2_1_map_container_initialization" time="0.004" /><testcase classname="tests.e2e.test_tier1_feature_coverage.TestFeatureR1_2_MapVisualization" name="test_r1_2_2_camera_instant_flyto_trigger" time="0.022" /><testcase classname="tests.e2e.test_tier1_feature_coverage.TestFeatureR1_2_MapVisualization" name="test_r1_2_3_spatial_layer_visibility_toggle" time="0.027" /><testcase classname="tests.e2e.test_tier1_feature_coverage.TestFeatureR1_2_MapVisualization" name="test_r1_2_4_non_overlapping_control_placement" time="0.005" /><testcase classname="tests.e2e.test_tier1_feature_coverage.TestFeatureR1_2_MapVisualization" name="test_r1_2_5_dark_glassmorphism_styling" time="0.004" /><testcase classname="tests.e2e.test_tier1_feature_coverage.TestFeatureR2_1_MultiCountryIngestionSchemas" name="test_r2_1_1_ghana_nrsa_schema_ingestion" time="0.000" /><testcase classname="tests.e2e.test_tier1_feature_coverage.TestFeatureR2_1_MultiCountryIngestionSchemas" name="test_r2_1_2_uk_stats19_schema_ingestion" time="0.000" /><testcase classname="tests.e2e.test_tier1_feature_coverage.TestFeatureR2_1_MultiCountryIngestionSchemas" name="test_r2_1_3_us_fars_schema_ingestion" time="0.000" /><testcase classname="tests.e2e.test_tier1_feature_coverage.TestFeatureR2_1_MultiCountryIngestionSchemas" name="test_r2_1_4_eu_care_schema_ingestion" time="0.000" /><testcase classname="tests.e2e.test_tier1_feature_coverage.TestFeatureR2_1_MultiCountryIngestionSchemas" name="test_r2_1_5_invalid_schema_quarantine" time="0.000" /><testcase classname="tests.e2e.test_tier1_feature_coverage.TestFeatureR2_2_HDBSCANOrganicClustering" name="test_r2_2_1_hdbscan_cluster_extraction" time="0.108" /><testcase classname="tests.e2e.test_tier1_feature_coverage.TestFeatureR2_2_HDBSCANOrganicClustering" name="test_r2_2_2_no_grid_stripe_artifacts" time="0.072" /><testcase classname="tests.e2e.test_tier1_feature_coverage.TestFeatureR2_2_HDBSCANOrganicClustering" name="test_r2_2_3_hdbscan_noise_exclusion" time="0.070" /><testcase classname="tests.e2e.test_tier1_feature_coverage.TestFeatureR2_2_HDBSCANOrganicClustering" name="test_r2_2_4_cluster_centroid_geodesic_accuracy" time="0.074" /><testcase classname="tests.e2e.test_tier1_feature_coverage.TestFeatureR2_2_HDBSCANOrganicClustering" name="test_r2_2_5_min_cluster_size_param_tuning" time="0.214" /><testcase classname="tests.e2e.test_tier1_feature_coverage.TestFeatureR2_3_LandBoundCoordinateBoundaries" name="test_r2_3_1_coastal_ocean_coordinate_rejection" time="0.000" /><testcase classname="tests.e2e.test_tier1_feature_coverage.TestFeatureR2_3_LandBoundCoordinateBoundaries" name="test_r2_3_2_inland_coordinate_acceptance" time="0.000" /><testcase classname="tests.e2e.test_tier1_feature_coverage.TestFeatureR2_3_LandBoundCoordinateBoundaries" name="test_r2_3_3_zero_ocean_marker_query_guarantee" time="0.001" /><testcase classname="tests.e2e.test_tier1_feature_coverage.TestFeatureR2_3_LandBoundCoordinateBoundaries" name="test_r2_3_4_spatial_coordinate_bounds_range" time="0.000" /><testcase classname="tests.e2e.test_tier1_feature_coverage.TestFeatureR2_3_LandBoundCoordinateBoundaries" name="test_r2_3_5_coastal_polygon_lookup_precision" time="0.000" /><testcase classname="tests.e2e.test_tier1_feature_coverage.TestFeatureR2_4_ClimateAwareRules" name="test_r2_4_1_tropical_climate_prohibits_snow" time="0.000" /><testcase classname="tests.e2e.test_tier1_feature_coverage.TestFeatureR2_4_ClimateAwareRules" name="test_r2_4_2_tropical_climate_prohibits_ice" time="0.000" /><testcase classname="tests.e2e.test_tier1_feature_coverage.TestFeatureR2_4_ClimateAwareRules" name="test_r2_4_3_temperate_climate_allows_winter_snow" time="0.000" /><testcase classname="tests.e2e.test_tier1_feature_coverage.TestFeatureR2_4_ClimateAwareRules" name="test_r2_4_4_weather_surface_consistency" time="0.000" /><testcase classname="tests.e2e.test_tier1_feature_coverage.TestFeatureR2_4_ClimateAwareRules" name="test_r2_4_5_climate_rule_audit_logging" time="0.000" /><testcase classname="tests.e2e.test_tier1_feature_coverage.TestFeatureR3_1_SpringBootControllers" name="test_r3_1_1_get_incidents_all" time="0.016" /><testcase classname="tests.e2e.test_tier1_feature_coverage.TestFeatureR3_1_SpringBootControllers" name="test_r3_1_2_get_incident_by_id" time="0.004" /><testcase classname="tests.e2e.test_tier1_feature_coverage.TestFeatureR3_1_SpringBootControllers" name="test_r3_1_3_get_incidents_stats" time="0.004" /><testcase classname="tests.e2e.test_tier1_feature_coverage.TestFeatureR3_1_SpringBootControllers" name="test_r3_1_4_get_incidents_geojson" time="0.022" /><testcase classname="tests.e2e.test_tier1_feature_coverage.TestFeatureR3_1_SpringBootControllers" name="test_r3_1_5_get_analytics_temporal" time="0.021" /><testcase classname="tests.e2e.test_tier1_feature_coverage.TestFeatureR3_2_FastAPIMLEngineEndpoints" name="test_r3_2_1_ml_clustering_blackspots" time="0.069" /><testcase classname="tests.e2e.test_tier1_feature_coverage.TestFeatureR3_2_FastAPIMLEngineEndpoints" name="test_r3_2_2_ml_density_heatmap" time="0.061" /><testcase classname="tests.e2e.test_tier1_feature_coverage.TestFeatureR3_2_FastAPIMLEngineEndpoints" name="test_r3_2_3_ml_association_rules" time="0.219" /><testcase classname="tests.e2e.test_tier1_feature_coverage.TestFeatureR3_2_FastAPIMLEngineEndpoints" name="test_r3_2_4_ml_prediction_risk" time="0.018" /><testcase classname="tests.e2e.test_tier1_feature_coverage.TestFeatureR3_2_FastAPIMLEngineEndpoints" name="test_r3_2_5_ml_routing_safest" time="0.016" /><testcase classname="tests.e2e.test_tier1_feature_coverage.TestFeatureR3_3_EndpointHardeningDTOSync" name="test_r3_3_1_no_hardcoded_mock_fallbacks" time="0.029" /><testcase classname="tests.e2e.test_tier1_feature_coverage.TestFeatureR3_3_EndpointHardeningDTOSync" name="test_r3_3_2_cors_header_verification" time="0.004" /><testcase classname="tests.e2e.test_tier1_feature_coverage.TestFeatureR3_3_EndpointHardeningDTOSync" name="test_r3_3_3_dto_json_serialization_field_match" time="0.000" /><testcase classname="tests.e2e.test_tier1_feature_coverage.TestFeatureR3_3_EndpointHardeningDTOSync" name="test_r3_3_4_global_exception_handler" time="0.002" /><testcase classname="tests.e2e.test_tier1_feature_coverage.TestFeatureR3_3_EndpointHardeningDTOSync" name="test_r3_3_5_webclient_timeout_resilience" time="0.010" /><testcase classname="tests.e2e.test_tier1_feature_coverage.TestFeatureR4_1_MunicipalTrafficSafetyAudits" name="test_r4_1_1_generate_municipal_safety_audit" time="0.001" /><testcase classname="tests.e2e.test_tier1_feature_coverage.TestFeatureR4_1_MunicipalTrafficSafetyAudits" name="test_r4_1_2_audit_spatial_risk_breakdown" time="0.001" /><testcase classname="tests.e2e.test_tier1_feature_coverage.TestFeatureR4_1_MunicipalTrafficSafetyAudits" name="test_r4_1_3_audit_top_contributing_factors" time="0.001" /><testcase classname="tests.e2e.test_tier1_feature_coverage.TestFeatureR4_1_MunicipalTrafficSafetyAudits" name="test_r4_1_4_audit_mined_association_recommendations" time="0.213" /><testcase classname="tests.e2e.test_tier1_feature_coverage.TestFeatureR4_1_MunicipalTrafficSafetyAudits" name="test_r4_1_5_audit_report_export_format" time="0.000" /><testcase classname="tests.e2e.test_tier1_feature_coverage.TestFeatureR4_2_BlackspotEngineeringInterventions" name="test_r4_2_1_blackspot_composite_risk_ranking" time="0.139" /><testcase classname="tests.e2e.test_tier1_feature_coverage.TestFeatureR4_2_BlackspotEngineeringInterventions" name="test_r4_2_2_blackspot_countermeasure_mapping" time="0.000" /><testcase classname="tests.e2e.test_tier1_feature_coverage.TestFeatureR4_2_BlackspotEngineeringInterventions" name="test_r4_2_3_blackspot_cost_benefit_ratio" time="0.000" /><testcase classname="tests.e2e.test_tier1_feature_coverage.TestFeatureR4_2_BlackspotEngineeringInterventions" name="test_r4_2_4_blackspot_drawer_detail_payload" time="0.066" /><testcase classname="tests.e2e.test_tier1_feature_coverage.TestFeatureR4_2_BlackspotEngineeringInterventions" name="test_r4_2_5_blackspot_polygon_hull_coordinates" time="0.065" /><testcase classname="tests.e2e.test_tier1_feature_coverage.TestFeatureR4_3_RealTimeTelemetryTicker" name="test_r4_3_1_stomp_connection_handshake" time="0.000" /><testcase classname="tests.e2e.test_tier1_feature_coverage.TestFeatureR4_3_RealTimeTelemetryTicker" name="test_r4_3_2_stomp_topic_subscription" time="0.000" /><testcase classname="tests.e2e.test_tier1_feature_coverage.TestFeatureR4_3_RealTimeTelemetryTicker" name="test_r4_3_3_telemetry_event_stream_broadcast" time="0.000" /><testcase classname="tests.e2e.test_tier1_feature_coverage.TestFeatureR4_3_RealTimeTelemetryTicker" name="test_r4_3_4_telemetry_payload_schema_validation" time="0.000" /><testcase classname="tests.e2e.test_tier1_feature_coverage.TestFeatureR4_3_RealTimeTelemetryTicker" name="test_r4_3_5_stomp_reconnection_handling" time="0.000" /><testcase classname="tests.e2e.test_tier1_feature_coverage.TestFeatureR4_4_MultiModalRouteSafetyNavigation" name="test_r4_4_1_compute_safest_vs_fastest_route" time="0.017" /><testcase classname="tests.e2e.test_tier1_feature_coverage.TestFeatureR4_4_MultiModalRouteSafetyNavigation" name="test_r4_4_2_route_safety_weight_tuning" time="0.016" /><testcase classname="tests.e2e.test_tier1_feature_coverage.TestFeatureR4_4_MultiModalRouteSafetyNavigation" name="test_r4_4_3_blackspot_avoidance_pathing" time="0.018" /><testcase classname="tests.e2e.test_tier1_feature_coverage.TestFeatureR4_4_MultiModalRouteSafetyNavigation" name="test_r4_4_4_route_summary_metrics_calculation" time="0.017" /><testcase classname="tests.e2e.test_tier1_feature_coverage.TestFeatureR4_4_MultiModalRouteSafetyNavigation" name="test_r4_4_5_multi_modal_transport_profiles" time="0.033" /><testcase classname="tests.e2e.test_tier2_boundary_corner.TestR1BoundaryCases" name="test_r1_boundary_1_empty_dataset_rendering" time="0.002" /><testcase classname="tests.e2e.test_tier2_boundary_corner.TestR1BoundaryCases" name="test_r1_boundary_2_extreme_zoom_bounds" time="0.000" /><testcase classname="tests.e2e.test_tier2_boundary_corner.TestR1BoundaryCases" name="test_r1_boundary_3_rapid_filter_burst" time="0.029" /><testcase classname="tests.e2e.test_tier2_boundary_corner.TestR1BoundaryCases" name="test_r1_boundary_4_malformed_coordinate_resilience" time="0.000" /><testcase classname="tests.e2e.test_tier2_boundary_corner.TestR1BoundaryCases" name="test_r1_boundary_5_overflow_text_truncation" time="0.000" /><testcase classname="tests.e2e.test_tier2_boundary_corner.TestR2BoundaryCases" name="test_r2_boundary_1_sub_min_cluster_size_points" time="0.002" /><testcase classname="tests.e2e.test_tier2_boundary_corner.TestR2BoundaryCases" name="test_r2_boundary_2_identical_coordinate_stacking" time="0.006" /><testcase classname="tests.e2e.test_tier2_boundary_corner.TestR2BoundaryCases" name="test_r2_boundary_3_exact_coordinate_extremes" time="0.000" /><testcase classname="tests.e2e.test_tier2_boundary_corner.TestR2BoundaryCases" name="test_r2_boundary_4_leap_year_timezone_boundary" time="0.001" /><testcase classname="tests.e2e.test_tier2_boundary_corner.TestR2BoundaryCases" name="test_r2_boundary_5_climate_borderline_coordinate" time="0.000" /><testcase classname="tests.e2e.test_tier2_boundary_corner.TestR3BoundaryCases" name="test_r3_boundary_1_large_payload_stress" time="0.050" /><testcase classname="tests.e2e.test_tier2_boundary_corner.TestR3BoundaryCases" name="test_r3_boundary_2_ml_service_unreachable_fallback" time="0.002" /><testcase classname="tests.e2e.test_tier2_boundary_corner.TestR3BoundaryCases" name="test_r3_boundary_3_concurrent_request_storm" time="0.065" /><testcase classname="tests.e2e.test_tier2_boundary_corner.TestR3BoundaryCases" name="test_r3_boundary_4_sql_script_injection_fuzzing" time="0.010" /><testcase classname="tests.e2e.test_tier2_boundary_corner.TestR3BoundaryCases" name="test_r3_boundary_5_high_precision_floating_points" time="0.019" /><testcase classname="tests.e2e.test_tier2_boundary_corner.TestR4BoundaryCases" name="test_r4_boundary_1_route_identical_start_end" time="0.003" /><testcase classname="tests.e2e.test_tier2_boundary_corner.TestR4BoundaryCases" name="test_r4_boundary_2_route_disconnected_graph" time="0.019" /><testcase classname="tests.e2e.test_tier2_boundary_corner.TestR4BoundaryCases" name="test_r4_boundary_3_telemetry_high_frequency_burst" time="0.001" /><testcase classname="tests.e2e.test_tier2_boundary_corner.TestR4BoundaryCases" name="test_r4_boundary_4_blackspot_zero_factor_match" time="0.000" /><testcase classname="tests.e2e.test_tier2_boundary_corner.TestR4BoundaryCases" name="test_r4_boundary_5_safety_audit_zero_date_range" time="0.000" /><testcase classname="tests.e2e.test_tier3_pairwise_combos.TestTier3PairwiseCombinations" name="test_c1_ui_map_hdbscan_clustering" time="0.023" /><testcase classname="tests.e2e.test_tier3_pairwise_combos.TestTier3PairwiseCombinations" name="test_c2_ui_form_backend_ml_risk_prediction" time="0.024" /><testcase classname="tests.e2e.test_tier3_pairwise_combos.TestTier3PairwiseCombinations" name="test_c3_ui_map_route_navigation_overlays" time="0.024" /><testcase classname="tests.e2e.test_tier3_pairwise_combos.TestTier3PairwiseCombinations" name="test_c4_data_pipeline_backend_climate_validation" time="0.000" /><testcase classname="tests.e2e.test_tier3_pairwise_combos.TestTier3PairwiseCombinations" name="test_c5_land_bound_hotspots_blackspot_interventions" time="0.022" /><testcase classname="tests.e2e.test_tier3_pairwise_combos.TestTier3PairwiseCombinations" name="test_c6_websocket_stomp_telemetry_ticker" time="0.000" /><testcase classname="tests.e2e.test_tier3_pairwise_combos.TestTier3PairwiseCombinations" name="test_c7_multi_country_schemas_municipal_audit" time="0.000" /><testcase classname="tests.e2e.test_tier3_pairwise_combos.TestTier3PairwiseCombinations" name="test_c8_ui_controls_telemetry_camera_flyto" time="0.005" /><testcase classname="tests.e2e.test_tier4_institutional_scenarios.TestTier4InstitutionalScenarios" name="test_scenario_1_municipal_traffic_safety_audit_workflow" time="0.166" /><testcase classname="tests.e2e.test_tier4_institutional_scenarios.TestTier4InstitutionalScenarios" name="test_scenario_2_blackspot_engineering_intervention_workflow" time="0.064" /><testcase classname="tests.e2e.test_tier4_institutional_scenarios.TestTier4InstitutionalScenarios" name="test_scenario_3_emergency_route_navigation_rerouting_workflow" time="0.033" /><testcase classname="tests.e2e.test_tier4_institutional_scenarios.TestTier4InstitutionalScenarios" name="test_scenario_4_realtime_telemetry_control_center_workflow" time="0.098" /></testsuite></testsuites>